<?xml version="1.0" encoding="UTF-8"?>
<!-- Generated by org.testng.reporters.JUnitReportReporter -->
<testsuite hostname="DESKTOP-E3VCBR0" failures="0" tests="5" name="testCases.TC_003_LoginDataDrivenTest" time="48.838" errors="0" timestamp="2023-02-20T01:21:43 IST" skipped="0">
  <testcase classname="testCases.TC_003_LoginDataDrivenTest" name="loginDDT" time="10.981"/>
  <system-out/>
  <testcase classname="testCases.TC_003_LoginDataDrivenTest" name="loginDDT" time="11.889"/>
  <system-out/>
  <testcase classname="testCases.TC_003_LoginDataDrivenTest" name="loginDDT" time="11.213"/>
  <system-out/>
  <testcase classname="testCases.TC_003_LoginDataDrivenTest" name="loginDDT" time="12.362"/>
  <system-out/>
  <testcase classname="testCases.TC_003_LoginDataDrivenTest" name="loginDDT" time="2.393"/>
  <system-out/>
</testsuite> <!-- testCases.TC_003_LoginDataDrivenTest -->
