<?xml version="1.0" encoding="UTF-8"?>
<!-- Generated by org.testng.reporters.JUnitReportReporter -->
<testsuite hostname="DESKTOP-E3VCBR0" failures="0" tests="5" name="testCases.TC_003_LoginDataDrivenTest" time="51.916" errors="0" timestamp="2023-03-09T23:35:36 IST" skipped="0">
  <testcase classname="testCases.TC_003_LoginDataDrivenTest" name="loginDDT" time="13.929"/>
  <system-out/>
  <testcase classname="testCases.TC_003_LoginDataDrivenTest" name="loginDDT" time="11.310"/>
  <system-out/>
  <testcase classname="testCases.TC_003_LoginDataDrivenTest" name="loginDDT" time="11.188"/>
  <system-out/>
  <testcase classname="testCases.TC_003_LoginDataDrivenTest" name="loginDDT" time="11.990"/>
  <system-out/>
  <testcase classname="testCases.TC_003_LoginDataDrivenTest" name="loginDDT" time="3.499"/>
  <system-out/>
</testsuite> <!-- testCases.TC_003_LoginDataDrivenTest -->
