<?xml version="1.0" encoding="UTF-8"?>
<!-- Generated by org.testng.reporters.JUnitReportReporter -->
<testsuite hostname="DESKTOP-E3VCBR0" failures="0" tests="1" name="testCases.TC_002_LoginTest" time="3.986" errors="0" timestamp="2023-03-23T23:53:40 IST" skipped="0">
  <testcase classname="testCases.TC_002_LoginTest" name="test_Login" time="3.986"/>
  <system-out/>
</testsuite> <!-- testCases.TC_002_LoginTest -->
